nicerl2 1.36
--------------------------------------------------------
         Requested task operations: SCREEN,CALMERGE,MKF
       Processed prefilter_columns: NICERV5,-MPU_ALL_COUNT,-MPU_UNDER_COUNT,-MPU_XRAY_COUNT,-MPU_OVER_COUNT
   Processed niprefilter2_coltypes: BASE,NICERV5
          Processed geomag_columns: solarphi_oulu.fits(SOLAR_PHI),kp_potsdam.fits(KP),COR_NYM
  Inputs:
  (INDIR) all_burst_data/6050390243
  (UF)    all_burst_data/6050390243/xti/event_uf
  (CL)    output/6050390243
  (MKF)   output/6050390243/ni6050390243.mkf

                        MPU List: 0-6
                          OBS_ID: 6050390243
                          OBJECT: Swift_J0243.6+6124
                        Position: RA    40.9171  Dec    61.4315 [deg] OBJECT
                                  RA    40.9171  Dec    61.4315 [deg] NOMINAL
                                  RA        OBJ  Dec        OBJ [deg] REQUESTED

  CALDBVER = xti20240206
  SOFTVER  = Hea_21Aug2024_V6.34_NICER_2024-08-18_V013

========== Running nicercal ==========
nicercal 1.12
  MPU List: 0-6
  MPU0 ni6050390243_0mpu0_ufa.evt
  MPU1 ni6050390243_0mpu1_ufa.evt
  MPU2 ni6050390243_0mpu2_ufa.evt
  MPU3 ni6050390243_0mpu3_ufa.evt
  MPU4 ni6050390243_0mpu4_ufa.evt
  MPU5 ni6050390243_0mpu5_ufa.evt
  MPU6 ni6050390243_0mpu6_ufa.evt
nimpumerge 1.7
  Master sort -> output/6050390243/ni6050390243_0mpu7_ufa.evt
  Append MPU GTIs
nifpmsel 1.9
  FPM List: launch
  Recalculating GTIs
========== Running niprefilter/niprefilter2 ==========
niprefilter 2.11
  Running prefilter
========== Running niprefilter2 ==========
niprefilter2 2.10
  Searching geomagnetic quantities
      (geomagnetic data from /home/supremekai/heasoft/heasoft-6.34/attitude/lib/geomag)
  Creating output file
  MPU HK files
  MPU0     (HK)     (Event) 
  MPU1     (HK)     (Event) 
  MPU2     (HK)     (Event) 
  MPU3     (HK)     (Event) 
  MPU4     (HK)     (Event) 
  MPU5     (HK)     (Event) 
  MPU6     (HK)     (Event) 
  Event files
  Filter-level calculations
  Filter-level interpolations
    File: solarphi_oulu.fits    Column: SOLAR_PHI
    File: kp_potsdam.fits    Column: KP
  Adding COR_NYM 
  Adding DELTA_SLOW_LLD 
  Adding XTI_PNT_JITTER 
  Adding ANG_DIST_{X,Y} (target offset) 
  Appending original extension
  Filter file: output/6050390243/ni6050390243.mkf
========== Running nimaketime ==========
nimaketime 1.13
        Tracking?: REQUIRED
        On Target: < 54 [arcsec]
        Elevation: < 15 [deg]
     Bright Earth: < 30 [deg]
   Number of FPMs: > 7
Star tracker good: REQUIRED
  TOT_LOWMEM_FIFO: SKIP
   DELTA_SLOW_LLD: 32.0-38.0
        NICER_SAA: SCREEN OUT
              SAA: SKIP
          COR_SAX: *-*
  UNDERONLY Range: 0-500
   OVERONLY Range: *-30
   Running maketime

                 Summary of Temporal Filtering
       Successive Filtering Stage     GoodTime #GTI
   ------------------------------   ---------- ----
            On-Target + Observing      1852.00    6  
       LOWMEM + Threshold Quality        25.00    3  
                SAA + COR + Orbit        25.00    3  
                      Undershoots         4.00    2  
                       Overshoots         4.00    2  
                     Filtered GTI         0.00    1  
========== Running nicermergeclean ==========
nicermergeclean 1.12
niautoscreen 1.3
   FPM exposure check
   FPM round-robbin check
   Under(only)shoot check
   Over(only)shoot check
   Noise rate check
   Extended noise peak (0.3-0.7 keV)
   MPU LOWMEM FIFO data losses
   Per-MPU shredded GTI check
       ---------------------------- Pointing GTIs ---------------------------
       ---------- MET ------------  ------------------UTC--------------------
   GTI        START -         STOP                START -                STOP
     1 299861899.00 - 299862492.00  2023-07-03T14:58:17 - 2023-07-03T15:08:10
     2 299884180.00 - 299884772.00  2023-07-03T21:09:38 - 2023-07-03T21:19:30
     3 299889739.00 - 299890352.00  2023-07-03T22:42:17 - 2023-07-03T22:52:30

                       Screened FPM / MPU quicklook table
                              DET_ID Number                       |  MPU Num.
        F0       1       2       3       4       5       6        |          
   GTI  F01234567012345670123456701234567012345670123456701234567 |  M0123456
     1  F.........O......O.O.............................O..X.... |  M.......
     2  FX.......XO......O.O................X............OX.X.... |  MX..XX.X
     3  F.........O......O.O................X............OX.X.... |  MXX.XX..
            Footnotes  O=known non-functional; X=screened; '.'=good

   Screening will disable some detectors
     detlist=MPU0(bti:299862492-299890362),MPU1(bti:299884772-299890362),10(bti:299862492-299884782),MPU3(bti:299862492-299890362),MPU4(bti:299862492-299890362),MPU6(bti:299862492-299884782),61(bti:299884772-299890362),-63...
nicerclean 1.12
           PI Range: 20 - 1500
     Trumpet Filter: 1.100000+120.000000/PI+0.000000e+00*PI**4
              Flags: Under(-) Under(-) Forced(-) NRing(-) Datamode(so+s+f)
         Expression: (((MPU_UNDER_COUNT<80)||(EVENT_FLAGS==bx0x1x000)))
  Screening...
  Updating keywords in output file...
nifpmsel 1.9
  FPM List: launch,@output/6050390243/ni6050390243_0mpu7_ufa.evt_detlist.txt
  Recalculating GTIs
Event files written
 UFA: output/6050390243/ni6050390243_0mpu7_ufa.evt
  CL: output/6050390243/ni6050390243_0mpu7_cl_night.evt
