**** Running barycorr v2.17 ****
barycorr: shell ftcopy infile='./6050390204/xti/event_cl/ni6050390204_0mpu7_cl_night.evt' outfile='./6050390204/xti/event_cl/ni6050390204_0mpu7_cl_night_barycorr.evtworkfile1750' copyall=YES clobber=YES chatter=0 history=NO
barycorr: running hdaxbary -i './6050390204/auxil/ni6050390204.orb.gz' -f './6050390204/xti/event_cl/ni6050390204_0mpu7_cl_night_barycorr.evtbarytime1750' -jpleph 430 -ra 40.91863 -dec 61.43211 -ref ICRS
barycorr: shell hdaxbary -i './6050390204/auxil/ni6050390204.orb.gz' -f './6050390204/xti/event_cl/ni6050390204_0mpu7_cl_night_barycorr.evtbarytime1750' -jpleph 430 -ra 40.91863 -dec 61.43211 -ref ICRS 2>&1
===> No barycenter correction applied to HDU 0
     TIMESYS is 
<=== Finished after 13 HDUs
hdaxbary: Using JPL Planetary Ephemeris DE-430
hdaxbary: Using JPL Planetary Ephemeris DE-430
hdaxbary: Using JPL Planetary Ephemeris DE-430
hdaxbary: Using JPL Planetary Ephemeris DE-430
hdaxbary: Using JPL Planetary Ephemeris DE-430
hdaxbary: Using JPL Planetary Ephemeris DE-430
hdaxbary: Using JPL Planetary Ephemeris DE-430
hdaxbary: Using JPL Planetary Ephemeris DE-430
hdaxbary: Using JPL Planetary Ephemeris DE-430
hdaxbary: Using JPL Planetary Ephemeris DE-430
hdaxbary: Using JPL Planetary Ephemeris DE-430
hdaxbary: Using JPL Planetary Ephemeris DE-430
barycorr: exited with status 0
barycorr: shell ftpaste infile='./6050390204/xti/event_cl/ni6050390204_0mpu7_cl_night_barycorr.evtworkfile1750' pastefile='./6050390204/xti/event_cl/ni6050390204_0mpu7_cl_night_barycorr.evtbarytime1750[col BARYTIME=TIME-#TIMEZERO;#TTYPE#(Barycenter-corrected time) = "BARYTIME";]' outfile='./6050390204/xti/event_cl/ni6050390204_0mpu7_cl_night_barycorr.evtpaste1750' copyall=YES clobber=YES
barycorr: shell ftchecksum infile='./6050390204/xti/event_cl/ni6050390204_0mpu7_cl_night_barycorr.evtworkfile1750' update=yes datasum=YES chatter=0
barycorr: shell ftcopy infile='./6050390204/xti/event_cl/ni6050390204_0mpu7_cl_night_barycorr.evtworkfile1750' outfile='./6050390204/xti/event_cl/ni6050390204_0mpu7_cl_night_barycorr.evt' copyall=YES clobber=YES chatter=0 history=NO
barycorr: barycorr successfully completed

