nicerl2 1.33
--------------------------------------------------------
         Requested task operations: MKF,SCREEN,CALMERGE
       Processed prefilter_columns: NICERV5,-MPU_OVER_COUNT,-MPU_UNDER_COUNT,-MPU_XRAY_COUNT,-MPU_ALL_COUNT
   Processed niprefilter2_coltypes: BASE,NICERV5
          Processed geomag_columns: kp_potsdam.fits(KP),solarphi_oulu.fits(SOLAR_PHI),COR_NYM
  Inputs:
  (INDIR) 6050390204
  (UF)    6050390204/xti/event_uf
  (CL)    6050390204/xti/event_cl
  (MKF)   6050390204/auxil/ni6050390204.mkf

                        MPU List: 0-6
                          OBS_ID: 6050390204
                          OBJECT: Swift_J0243.6+6124
                        Position: RA    40.9186  Dec    61.4323 [deg] OBJECT
                                  RA    40.9186  Dec    61.4321 [deg] NOMINAL
                                  RA        OBJ  Dec        OBJ [deg] REQUESTED

  CALDBVER = xti20240206
  SOFTVER  = Hea_19Apr2024_V6.33.2_NICER_2024-02-09_V012A

========== Running nicercal ==========
nicercal 1.12
  MPU List: 0-6
  MPU0 ni6050390204_0mpu0_ufa.evt
  MPU1 ni6050390204_0mpu1_ufa.evt
  MPU2 ni6050390204_0mpu2_ufa.evt
  MPU3 ni6050390204_0mpu3_ufa.evt
  MPU4 ni6050390204_0mpu4_ufa.evt
  MPU5 ni6050390204_0mpu5_ufa.evt
  MPU6 ni6050390204_0mpu6_ufa.evt
nimpumerge 1.7
  Master sort -> 6050390204/xti/event_cl/ni6050390204_0mpu7_ufa.evt
  Append MPU GTIs
nifpmsel 1.9
  FPM List: launch
  Recalculating GTIs
========== Running niprefilter/niprefilter2 ==========
niprefilter 2.11
  Running prefilter
========== Running niprefilter2 ==========
niprefilter2 2.10
  Searching geomagnetic quantities
      (geomagnetic data from /home/supremekai/heasoft/heasoft-6.33.2/attitude/lib/geomag)
  Creating output file
  MPU HK files
  MPU0     (HK)     (Event) 
  MPU1     (HK)     (Event) 
  MPU2     (HK)     (Event) 
  MPU3     (HK)     (Event) 
  MPU4     (HK)     (Event) 
  MPU5     (HK)     (Event) 
  MPU6     (HK)     (Event) 
  Event files
  Filter-level calculations
  Filter-level interpolations
    File: kp_potsdam.fits    Column: KP
    File: solarphi_oulu.fits    Column: SOLAR_PHI
  Adding COR_NYM 
  Adding DELTA_SLOW_LLD 
  Adding XTI_PNT_JITTER 
  Adding ANG_DIST_{X,Y} (target offset) 
  Appending original extension
  Filter file: 6050390204/auxil/ni6050390204.mkf
========== Running nimaketime ==========
nimaketime 1.13
        Tracking?: REQUIRED
        On Target: < 54 [arcsec]
        Elevation: < 15 [deg]
     Bright Earth: < 30 [deg]
   Number of FPMs: > 7
Star tracker good: REQUIRED
  TOT_LOWMEM_FIFO: SKIP
   DELTA_SLOW_LLD: -3.0-3.0
        NICER_SAA: SCREEN OUT
              SAA: SKIP
          COR_SAX: *-*
  UNDERONLY Range: 0-500
   OVERONLY Range: *-30
   Running maketime

                 Summary of Temporal Filtering
       Successive Filtering Stage     GoodTime #GTI
   ------------------------------   ---------- ----
            On-Target + Observing      9976.00   28  
       LOWMEM + Threshold Quality      9976.00   28  
                SAA + COR + Orbit      9976.00   28  
                      Undershoots      2490.00   90  
                       Overshoots      2490.00   90  
                     Filtered GTI      2297.00   17  
========== Running nicermergeclean ==========
nicermergeclean 1.12
niautoscreen 1.3
   FPM exposure check
   FPM round-robbin check
   Under(only)shoot check
   Over(only)shoot check
   Noise rate check
   Extended noise peak (0.3-0.7 keV)
   MPU LOWMEM FIFO data losses
   Per-MPU shredded GTI check
       ---------------------------- Pointing GTIs ---------------------------
       ---------- MET ------------  ------------------UTC--------------------
   GTI        START -         STOP                START -                STOP
     1 292811468.00 - 292812654.00  2023-04-13T00:31:06 - 2023-04-13T00:50:52
     2 292834201.00 - 292834901.00  2023-04-13T06:49:59 - 2023-04-13T07:01:39
     3 292839758.00 - 292840482.00  2023-04-13T08:22:36 - 2023-04-13T08:34:40
     4 292845560.00 - 292846062.00  2023-04-13T09:59:18 - 2023-04-13T10:07:40
     5 292850918.00 - 292851642.00  2023-04-13T11:28:36 - 2023-04-13T11:40:40
     6 292856082.00 - 292856445.00  2023-04-13T12:54:40 - 2023-04-13T13:00:43
     7 292861624.00 - 292862801.00  2023-04-13T14:27:02 - 2023-04-13T14:46:39
     8 292867882.00 - 292868033.00  2023-04-13T16:11:20 - 2023-04-13T16:13:51
     9 292873005.00 - 292874095.00  2023-04-13T17:36:43 - 2023-04-13T17:54:53
    10 292877557.00 - 292879565.00  2023-04-13T18:52:35 - 2023-04-13T19:26:03
    11 292884633.00 - 292885272.00  2023-04-13T20:50:31 - 2023-04-13T21:01:10
    12 292890188.00 - 292890705.00  2023-04-13T22:23:06 - 2023-04-13T22:31:43

                       Screened FPM / MPU quicklook table
                              DET_ID Number                       |  MPU Num.
        F0       1       2       3       4       5       6        |          
   GTI  F01234567012345670123456701234567012345670123456701234567 |  M0123456
     1  F.........O...X..O.O.X.......................X...O.....X. |  M.X..X.X
     2  F.........O...X..O.O.X.......................X...O.....XX |  M....X.X
     3  F.........O...X..O.O.X.......................X...O.....XX |  M....X.X
     4  F.........O...X..O.O.X.......................X...O.....XX |  M......X
     5  F.........O...X..O.O.X.......................X...O.....XX |  M....X.X
     6  F....X....O...X..O.O.X..................X....X...O.....X. |  M.X.XX..
     7  F.........O...X..O.O.X.......................X...O..X..X. |  MXX....X
     8  F.........O...X..O.O.X.......................X...O..X..X. |  M.......
     9  F.........O...X..O.O.X.......................X...O.....XX |  M.X..X.X
    10  F....X..X.O...X..O.O.X.......................X...O.....X. |  MXX..X.X
    11  F.........O...X..O.O.X.......................X...O.....XX |  M....X.X
    12  F.........O...X..O.O.X.......................X...O.....XX |  M......X
            Footnotes  O=known non-functional; X=screened; '.'=good

   Screening will disable some detectors
     detlist=MPU0(bti:292856445-292862811|292874095-292879575),04(bti:292851642-292856455),MPU1(bti:292807868-292812664|292851642-292862811|292868033-292879575),-15,-24,MPU3(bti:292851642-292856455),MPU4(bti:292807868-292840492|292846062-292856455|292868033-292885282),-54,MPU6(bti:292807868-292851652|292856445-292862811|292868033-292890715),63(bti:292862801-292868043),-66...
nicerclean 1.12
           PI Range: 20 - 1500
     Trumpet Filter: 1.100000+120.000000/PI+0.000000e+00*PI**4
              Flags: Under(-) Under(-) Forced(-) NRing(-) Datamode(so+s+f)
         Expression: (((MPU_UNDER_COUNT<80)||(EVENT_FLAGS==bx0x1x000)))
  Screening...
  Updating keywords in output file...
nifpmsel 1.9
  FPM List: launch,@6050390204/xti/event_cl/ni6050390204_0mpu7_ufa.evt_detlist.txt
  Recalculating GTIs
Event files written
 UFA: 6050390204/xti/event_cl/ni6050390204_0mpu7_ufa.evt
  CL: 6050390204/xti/event_cl/ni6050390204_0mpu7_cl_night.evt
