nicerl2 1.36
--------------------------------------------------------
         Requested task operations: CALMERGE,MKF,SCREEN
       Processed prefilter_columns: NICERV5,-MPU_XRAY_COUNT,-MPU_ALL_COUNT,-MPU_UNDER_COUNT,-MPU_OVER_COUNT
   Processed niprefilter2_coltypes: BASE,NICERV5
          Processed geomag_columns: COR_NYM,kp_potsdam.fits(KP),solarphi_oulu.fits(SOLAR_PHI)
  Inputs:
  (INDIR) all_burst_data/6050390228
  (UF)    all_burst_data/6050390228/xti/event_uf
  (CL)    output/6050390228
  (MKF)   output/6050390228/ni6050390228.mkf

                        MPU List: 0-6
                          OBS_ID: 6050390228
                          OBJECT: Swift_J0243.6+6124
                        Position: RA    40.9186  Dec    61.4323 [deg] OBJECT
                                  RA    40.9187  Dec    61.4319 [deg] NOMINAL
                                  RA        OBJ  Dec        OBJ [deg] REQUESTED

  CALDBVER = xti20240206
  SOFTVER  = Hea_21Aug2024_V6.34_NICER_2024-08-18_V013

========== Running nicercal ==========
nicercal 1.12
  MPU List: 0-6
  MPU0 ni6050390228_0mpu0_ufa.evt
  MPU1 ni6050390228_0mpu1_ufa.evt
  MPU2 ni6050390228_0mpu2_ufa.evt
  MPU3 ni6050390228_0mpu3_ufa.evt
  MPU4 ni6050390228_0mpu4_ufa.evt
  MPU5 ni6050390228_0mpu5_ufa.evt
  MPU6 ni6050390228_0mpu6_ufa.evt
nimpumerge 1.7
  Master sort -> output/6050390228/ni6050390228_0mpu7_ufa.evt
  Append MPU GTIs
nifpmsel 1.9
  FPM List: launch
  Recalculating GTIs
========== Running niprefilter/niprefilter2 ==========
niprefilter 2.11
  Running prefilter
========== Running niprefilter2 ==========
niprefilter2 2.10
  Searching geomagnetic quantities
      (geomagnetic data from /home/supremekai/heasoft/heasoft-6.34/attitude/lib/geomag)
  Creating output file
  MPU HK files
  MPU0     (HK)     (Event) 
  MPU1     (HK)     (Event) 
  MPU2     (HK)     (Event) 
  MPU3     (HK)     (Event) 
  MPU4     (HK)     (Event) 
  MPU5     (HK)     (Event) 
  MPU6     (HK)     (Event) 
  Event files
  Filter-level calculations
  Filter-level interpolations
    File: kp_potsdam.fits    Column: KP
    File: solarphi_oulu.fits    Column: SOLAR_PHI
  Adding COR_NYM 
  Adding DELTA_SLOW_LLD 
  Adding XTI_PNT_JITTER 
  Adding ANG_DIST_{X,Y} (target offset) 
  Appending original extension
  Filter file: output/6050390228/ni6050390228.mkf
========== Running nimaketime ==========
nimaketime 1.13
        Tracking?: REQUIRED
        On Target: < 54 [arcsec]
        Elevation: < 15 [deg]
     Bright Earth: < 30 [deg]
   Number of FPMs: > 7
Star tracker good: REQUIRED
  TOT_LOWMEM_FIFO: SKIP
   DELTA_SLOW_LLD: -3.0-3.0
        NICER_SAA: SCREEN OUT
              SAA: SKIP
          COR_SAX: *-*
  UNDERONLY Range: 0-500
   OVERONLY Range: *-30
   Running maketime

                 Summary of Temporal Filtering
       Successive Filtering Stage     GoodTime #GTI
   ------------------------------   ---------- ----
            On-Target + Observing      1686.00    5  
       LOWMEM + Threshold Quality      1645.00    5  
                SAA + COR + Orbit      1645.00    5  
                      Undershoots      1632.00    6  
                       Overshoots      1632.00    6  
                     Filtered GTI      1630.00    5  
========== Running nicermergeclean ==========
nicermergeclean 1.12
niautoscreen 1.3
   FPM exposure check
   FPM round-robbin check
   Under(only)shoot check
   Over(only)shoot check
   Noise rate check
   Extended noise peak (0.3-0.7 keV)
   MPU LOWMEM FIFO data losses
   Per-MPU shredded GTI check
       ---------------------------- Pointing GTIs ---------------------------
       ---------- MET ------------  ------------------UTC--------------------
   GTI        START -         STOP                START -                STOP
     1 298574939.00 - 298575252.00  2023-06-18T17:28:57 - 2023-06-18T17:34:10
     2 298580518.00 - 298580832.00  2023-06-18T19:01:56 - 2023-06-18T19:07:10
     3 298586099.00 - 298586412.00  2023-06-18T20:34:57 - 2023-06-18T20:40:10
     4 298591659.00 - 298591992.00  2023-06-18T22:07:37 - 2023-06-18T22:13:10
     5 298597239.00 - 298597552.00  2023-06-18T23:40:37 - 2023-06-18T23:45:50

                       Screened FPM / MPU quicklook table
                              DET_ID Number                       |  MPU Num.
        F0       1       2       3       4       5       6        |          
   GTI  F01234567012345670123456701234567012345670123456701234567 |  M0123456
     1  F.........O......O.O.............................O..X.... |  M.......
     2  F.........O......O.O.............................O..X.... |  M..X....
     3  F.........O......OXO...............X.............O..X.... |  MX..X..X
     4  F.........O......OXO........X....................O..X.... |  MX....X.
     5  F.........O......O.O.............................O..X.... |  M.......
            Footnotes  O=known non-functional; X=screened; '.'=good

   Screening will disable some detectors
     detlist=MPU0(bti:298580832-298592002),MPU2(bti:298575252-298580842),21(bti:298580832-298592002),MPU3(bti:298580832-298586422),33(bti:298586412-298592002),42(bti:298580832-298586422),MPU5(bti:298586412-298592002),MPU6(bti:298580832-298586422),-63...
nicerclean 1.12
           PI Range: 20 - 1500
     Trumpet Filter: 1.100000+120.000000/PI+0.000000e+00*PI**4
              Flags: Under(-) Under(-) Forced(-) NRing(-) Datamode(so+s+f)
         Expression: (((MPU_UNDER_COUNT<80)||(EVENT_FLAGS==bx0x1x000)))
  Screening...
  Updating keywords in output file...
nifpmsel 1.9
  FPM List: launch,@output/6050390228/ni6050390228_0mpu7_ufa.evt_detlist.txt
  Recalculating GTIs
Event files written
 UFA: output/6050390228/ni6050390228_0mpu7_ufa.evt
  CL: output/6050390228/ni6050390228_0mpu7_cl_night.evt
